<?xml version="1.0" encoding="UTF-8"?>
<testsuite name="Cucumber" time="272.956" tests="5" skipped="0" failures="2" errors="0">
<testcase classname="US1006 Kullanici Scenario outline ile birden fazla kelime aratir" name="TC10 Amazon coklu urun testi - Example #1.1" time="89.401">
<system-out><![CDATA[
Given kullanici "amazonUrl" anasayfaya gider................................passed
Then amazonda "Nutella" icin arama yapar....................................passed
And sonuclarin "Nutella" icerdigini test eder...............................passed
And sayfayi kapatir.........................................................passed
]]></system-out>
</testcase>
<testcase classname="US1006 Kullanici Scenario outline ile birden fazla kelime aratir" name="TC10 Amazon coklu urun testi - Example #1.2" time="89.095">
<system-out><![CDATA[
Given kullanici "amazonUrl" anasayfaya gider................................passed
Then amazonda "Java" icin arama yapar.......................................passed
And sonuclarin "Java" icerdigini test eder..................................passed
And sayfayi kapatir.........................................................passed
]]></system-out>
</testcase>
<testcase classname="US1006 Kullanici Scenario outline ile birden fazla kelime aratir" name="TC10 Amazon coklu urun testi - Example #1.3" time="33.537">
<failure type="org.openqa.selenium.WebDriverException" message="unknown error: net::ERR_NAME_NOT_RESOLVED
  (Session info: chrome=111.0.5563.65)
Build info: version: '4.8.0', revision: '267030adea'
System info: os.name: 'Windows 10', os.arch: 'amd64', os.version: '10.0', java.version: '11.0.16.1'
Driver info: org.openqa.selenium.chrome.ChromeDriver
Command: [314bacc359becece3d1682170bbf906b, get {url=https://www.amazon.com}]
Capabilities {acceptInsecureCerts: false, browserName: chrome, browserVersion: 111.0.5563.65, chrome: {chromedriverVersion: 111.0.5563.64 (c710e93d5b63..., userDataDir: C:\Users\Lenovo\AppData\Loc...}, goog:chromeOptions: {debuggerAddress: localhost:51045}, networkConnectionEnabled: false, pageLoadStrategy: normal, platformName: WINDOWS, proxy: Proxy(), se:cdp: ws://localhost:51045/devtoo..., se:cdpVersion: 111.0.5563.65, setWindowRect: true, strictFileInteractability: false, timeouts: {implicit: 0, pageLoad: 300000, script: 30000}, unhandledPromptBehavior: dismiss and notify, webauthn:extension:credBlob: true, webauthn:extension:largeBlob: true, webauthn:extension:minPinLength: true, webauthn:extension:prf: true, webauthn:virtualAuthenticators: true}
Session ID: 314bacc359becece3d1682170bbf906b">
<![CDATA[org.openqa.selenium.WebDriverException: unknown error: net::ERR_NAME_NOT_RESOLVED
  (Session info: chrome=111.0.5563.65)
Build info: version: '4.8.0', revision: '267030adea'
System info: os.name: 'Windows 10', os.arch: 'amd64', os.version: '10.0', java.version: '11.0.16.1'
Driver info: org.openqa.selenium.chrome.ChromeDriver
Command: [314bacc359becece3d1682170bbf906b, get {url=https://www.amazon.com}]
Capabilities {acceptInsecureCerts: false, browserName: chrome, browserVersion: 111.0.5563.65, chrome: {chromedriverVersion: 111.0.5563.64 (c710e93d5b63..., userDataDir: C:\Users\Lenovo\AppData\Loc...}, goog:chromeOptions: {debuggerAddress: localhost:51045}, networkConnectionEnabled: false, pageLoadStrategy: normal, platformName: WINDOWS, proxy: Proxy(), se:cdp: ws://localhost:51045/devtoo..., se:cdpVersion: 111.0.5563.65, setWindowRect: true, strictFileInteractability: false, timeouts: {implicit: 0, pageLoad: 300000, script: 30000}, unhandledPromptBehavior: dismiss and notify, webauthn:extension:credBlob: true, webauthn:extension:largeBlob: true, webauthn:extension:minPinLength: true, webauthn:extension:prf: true, webauthn:virtualAuthenticators: true}
Session ID: 314bacc359becece3d1682170bbf906b
	at java.base/jdk.internal.reflect.NativeConstructorAccessorImpl.newInstance0(Native Method)
	at java.base/jdk.internal.reflect.NativeConstructorAccessorImpl.newInstance(NativeConstructorAccessorImpl.java:62)
	at java.base/jdk.internal.reflect.DelegatingConstructorAccessorImpl.newInstance(DelegatingConstructorAccessorImpl.java:45)
	at java.base/java.lang.reflect.Constructor.newInstance(Constructor.java:490)
	at org.openqa.selenium.remote.codec.w3c.W3CHttpResponseCodec.createException(W3CHttpResponseCodec.java:200)
	at org.openqa.selenium.remote.codec.w3c.W3CHttpResponseCodec.decode(W3CHttpResponseCodec.java:133)
	at org.openqa.selenium.remote.codec.w3c.W3CHttpResponseCodec.decode(W3CHttpResponseCodec.java:53)
	at org.openqa.selenium.remote.HttpCommandExecutor.execute(HttpCommandExecutor.java:184)
	at org.openqa.selenium.remote.service.DriverCommandExecutor.invokeExecute(DriverCommandExecutor.java:167)
	at org.openqa.selenium.remote.service.DriverCommandExecutor.execute(DriverCommandExecutor.java:142)
	at org.openqa.selenium.remote.RemoteWebDriver.execute(RemoteWebDriver.java:543)
	at org.openqa.selenium.remote.RemoteWebDriver.get(RemoteWebDriver.java:297)
	at stepdefinitions.AmazonStepdefinitions.kullanici_anasayfaya_gider(AmazonStepdefinitions.java:81)
	at ✽.kullanici "amazonUrl" anasayfaya gider(file:///C:/Users/Lenovo/Desktop/gitHubTeam108/com.team108_Cucumber/src/test/resources/features/US1006_ScenarioOutlineIleAmazonArama.feature:6)
]]>
</failure>
<system-out><![CDATA[
Given kullanici "amazonUrl" anasayfaya gider................................failed
Then amazonda "Samsung" icin arama yapar....................................skipped
And sonuclarin "Samsung" icerdigini test eder...............................skipped
And sayfayi kapatir.........................................................skipped
]]></system-out>
</testcase>
<testcase classname="US1006 Kullanici Scenario outline ile birden fazla kelime aratir" name="TC10 Amazon coklu urun testi - Example #1.4" time="15.72">
<failure type="org.openqa.selenium.WebDriverException" message="unknown error: net::ERR_NAME_NOT_RESOLVED
  (Session info: chrome=111.0.5563.65)
Build info: version: '4.8.0', revision: '267030adea'
System info: os.name: 'Windows 10', os.arch: 'amd64', os.version: '10.0', java.version: '11.0.16.1'
Driver info: org.openqa.selenium.chrome.ChromeDriver
Command: [17ed9befeac64bc6bba3349254424662, get {url=https://www.amazon.com}]
Capabilities {acceptInsecureCerts: false, browserName: chrome, browserVersion: 111.0.5563.65, chrome: {chromedriverVersion: 111.0.5563.64 (c710e93d5b63..., userDataDir: C:\Users\Lenovo\AppData\Loc...}, goog:chromeOptions: {debuggerAddress: localhost:51109}, networkConnectionEnabled: false, pageLoadStrategy: normal, platformName: WINDOWS, proxy: Proxy(), se:cdp: ws://localhost:51109/devtoo..., se:cdpVersion: 111.0.5563.65, setWindowRect: true, strictFileInteractability: false, timeouts: {implicit: 0, pageLoad: 300000, script: 30000}, unhandledPromptBehavior: dismiss and notify, webauthn:extension:credBlob: true, webauthn:extension:largeBlob: true, webauthn:extension:minPinLength: true, webauthn:extension:prf: true, webauthn:virtualAuthenticators: true}
Session ID: 17ed9befeac64bc6bba3349254424662">
<![CDATA[org.openqa.selenium.WebDriverException: unknown error: net::ERR_NAME_NOT_RESOLVED
  (Session info: chrome=111.0.5563.65)
Build info: version: '4.8.0', revision: '267030adea'
System info: os.name: 'Windows 10', os.arch: 'amd64', os.version: '10.0', java.version: '11.0.16.1'
Driver info: org.openqa.selenium.chrome.ChromeDriver
Command: [17ed9befeac64bc6bba3349254424662, get {url=https://www.amazon.com}]
Capabilities {acceptInsecureCerts: false, browserName: chrome, browserVersion: 111.0.5563.65, chrome: {chromedriverVersion: 111.0.5563.64 (c710e93d5b63..., userDataDir: C:\Users\Lenovo\AppData\Loc...}, goog:chromeOptions: {debuggerAddress: localhost:51109}, networkConnectionEnabled: false, pageLoadStrategy: normal, platformName: WINDOWS, proxy: Proxy(), se:cdp: ws://localhost:51109/devtoo..., se:cdpVersion: 111.0.5563.65, setWindowRect: true, strictFileInteractability: false, timeouts: {implicit: 0, pageLoad: 300000, script: 30000}, unhandledPromptBehavior: dismiss and notify, webauthn:extension:credBlob: true, webauthn:extension:largeBlob: true, webauthn:extension:minPinLength: true, webauthn:extension:prf: true, webauthn:virtualAuthenticators: true}
Session ID: 17ed9befeac64bc6bba3349254424662
	at java.base/jdk.internal.reflect.NativeConstructorAccessorImpl.newInstance0(Native Method)
	at java.base/jdk.internal.reflect.NativeConstructorAccessorImpl.newInstance(NativeConstructorAccessorImpl.java:62)
	at java.base/jdk.internal.reflect.DelegatingConstructorAccessorImpl.newInstance(DelegatingConstructorAccessorImpl.java:45)
	at java.base/java.lang.reflect.Constructor.newInstance(Constructor.java:490)
	at org.openqa.selenium.remote.codec.w3c.W3CHttpResponseCodec.createException(W3CHttpResponseCodec.java:200)
	at org.openqa.selenium.remote.codec.w3c.W3CHttpResponseCodec.decode(W3CHttpResponseCodec.java:133)
	at org.openqa.selenium.remote.codec.w3c.W3CHttpResponseCodec.decode(W3CHttpResponseCodec.java:53)
	at org.openqa.selenium.remote.HttpCommandExecutor.execute(HttpCommandExecutor.java:184)
	at org.openqa.selenium.remote.service.DriverCommandExecutor.invokeExecute(DriverCommandExecutor.java:167)
	at org.openqa.selenium.remote.service.DriverCommandExecutor.execute(DriverCommandExecutor.java:142)
	at org.openqa.selenium.remote.RemoteWebDriver.execute(RemoteWebDriver.java:543)
	at org.openqa.selenium.remote.RemoteWebDriver.get(RemoteWebDriver.java:297)
	at stepdefinitions.AmazonStepdefinitions.kullanici_anasayfaya_gider(AmazonStepdefinitions.java:81)
	at ✽.kullanici "amazonUrl" anasayfaya gider(file:///C:/Users/Lenovo/Desktop/gitHubTeam108/com.team108_Cucumber/src/test/resources/features/US1006_ScenarioOutlineIleAmazonArama.feature:6)
]]>
</failure>
<system-out><![CDATA[
Given kullanici "amazonUrl" anasayfaya gider................................failed
Then amazonda "Apple" icin arama yapar......................................skipped
And sonuclarin "Apple" icerdigini test eder.................................skipped
And sayfayi kapatir.........................................................skipped
]]></system-out>
</testcase>
<testcase classname="US1006 Kullanici Scenario outline ile birden fazla kelime aratir" name="TC10 Amazon coklu urun testi - Example #1.5" time="44.812">
<system-out><![CDATA[
Given kullanici "amazonUrl" anasayfaya gider................................passed
Then amazonda "Furkan" icin arama yapar.....................................passed
And sonuclarin "Furkan" icerdigini test eder................................passed
And sayfayi kapatir.........................................................passed
]]></system-out>
</testcase>
</testsuite>
